//-------------------------- 3/21/2013 -- 15:25:08 -----
Console trace is off.
using display 0x42732c0
Activating the OpenGL display device...
 OpenGLDevice activating...
OpenGL driver information:
  Vendor: Intel Inc.
  Renderer: Intel HD Graphics 3000 OpenGL Engine
  Version: 2.1 INTEL-8.10.44
OpenGL Init: Enabled Extensions
  ARB_multitexture (Max Texture Units: 8)
  EXT_blend_color
  EXT_blend_minmax
  EXT_texture_env_combine
  EXT_packed_pixels
  EXT_fog_coord
  ARB_texture_compression
  EXT_texture_compression_s3tc
  (ARB|EXT)_texture_env_add
  EXT_texture_filter_anisotropic (Max anisotropy: 16.000000)
  Vertical Sync
  ATI_FSAA
OpenGL Init: Disabled Extensions
  EXT_paletted_texture
  EXT_compiled_vertex_array
  NV_vertex_array_range
  3DFX_texture_compression_FXT1

 set screen mode 1024 x 768 x 32, windowed, force it, dont repaint
Max Texture Size reported as: 8192
 set screen mode 1024 x 768 x 32, windowed, dont force it, repaint
Killing the texture manager...
Resurrecting the texture manager...
OpenAL Driver Init
OpenAL Driver Init Success
Failed to load profile bitmap ((null))
modules/myModule/scripts/scene.cs (10): Unknown command setDefaultFriction.
  Object myScene(1116) myScene -> Scene -> BehaviorComponent -> DynamicConsoleMethodComponent -> SimComponent -> SimObject
modules/myModule/scripts/guy.cs (36): Unknown command getFilterMode.
  Object Guy(1119) Guy -> Sprite -> SpriteBase -> SceneObject -> BehaviorComponent -> DynamicConsoleMethodComponent -> SimComponent -> SimObject
@@@@@@@ 
SimObject::assignName - Assigning name 'ActionMap' to instance of object with type 'ActionMap'. This can cause namespace linking issues.
Namespace::unlinkClass - cannot unlink namespace parent linkage for ActionMap for SimObject.
Error: cannot change namespace parent linkage of ActionMap from SimObject to ActionMap.
1
2 0 0.0000 -1.0000 2.0000 31.0000 0.0000 0.0000 -2.0000 31.0000 25.0000 0.0540
1
0
0
0
0
0
0
1
3 0 -0.0000 1.0000 -2.0000 20.0025 800.0000 0.0000 2.0000 20.0025 0.0000 0.0000
1
1
1
1
1
1
1
1
1
1
1
1
1
1
1
1
1
1
1
1
1
1
1
1
1
1
1
1
1
1
1
1
1
1
1
1
1
1
1
1
1
1
1
1
1
1
1
1
1
1
1
1
1
1
1
1
1
1
1
1
1
1
1
1
1
1
1
1
1
1
1
1
1
1
1
1
1
1
1
1
1
1
1
1
1
1
1
1
1
1
1
1
1
1
1
1
1
1
1
1
1
1
1
1
1
1
1
1
1
1
1
1
1
1
1
1
1
1
1
1
1
1
1
1
1
1
1
1
1
1
1
1
1
1
1
1
1
1
1
1
1
1
1
1
1
1
1
1
1
1
1
1
1
1
1
1
1
1
1
1
1
1
1
1
1
1
1
1
1
1
1
1
1
1
1
1
1
1
1
1
1
1
1
1
1
1
1
1
1
1
1
1
1
1
1
1
1
1
1
1
1
1
1
1
1
1
1
1
1
1
1
1
1
1
1
1
1
1
0
0
0
0
0
0
0
0
0
0
0
0
0
0
0
0
0
0
0
0
0
0
0
0
0
0
0
0
0
0
0
0
0
0
0
0
0
0
0
0
0
0
0
0
0
0
0
0
0
0
0
0
0
0
0
0
0
0
0
1
3 0 -0.0000 1.0000 28.4053 -24.9975 800.0000 160.0000 32.4053 -24.9975 0.0000 0.0000
1
1
1
1
1
1
1
1
1
1
1
1
1
1
1
1
1
1
1
1
1
1
1
1
1
1
1
1
1
1
1
1
1
1
1
1
1
1
1
1
1
1
1
1
1
1
1
1
1
1
1
1
1
1
1
1
1
1
1
1
1
1
1
1
1
1
1
1
1
1
1
1
1
1
1
1
1
1
1
1
1
1
1
1
1
1
1
1
myModule:FatGuyAnim_Inv
toanim
1
0
0
0
0
0
0
0
0
0
0
0
0
0
0
0
0
0
0
0
0
0
0
0
0
0
0
0
0
0
0
0
0
0
0
0
0
0
0
0
0
0
0
0
0
0
0
0
0
0
0
0
1
3 0 0.0000 -1.0000 20.3124 19.9975 800.0000 160.0000 16.3124 19.9975 0.0000 0.0000
1
1
1
1
1
1
1
1
1
1
1
1
1
1
1
1
1
1
1
1
1
1
1
1
1
1
1
1
1
1
1
1
1
1
1
1
1
1
1
0
0
0
0
0
0
0
0
0
0
0
0
0
1
2 0 0.0000 -1.0000 32.1249 29.9975 800.0000 160.0000 28.1249 29.9975 0.0000 0.0000
1
1
1
1
1
1
1
1
1
1
1
1
1
1
1
1
1
1
1
1
1
1
1
1
1
1
1
1
1
1
1
1
1
1
1
1
1
1
1
1
1
1
1
1
1
1
1
1
1
1
1
1
1
1
1
1
1
1
1
1
1
1
1
1
1
1
1
1
1
1
1
1
1
1
1
1
1
1
1
1
1
1
1
1
1
1
1
1
1
1
1
1
1
1
1
1
1
1
1
1
1
1
1
1
1
1
1
1
1
1
1
1
1
1
1
1
1
1
1
1
1
1
1
1
1
1
1
1
1
1
1
1
1
1
1
1
1
1
1
1
1
1
1
1
1
1
1
1
1
1
1
1
1
1
1
1
1
1
1
1
1
1
1
1
1
1
1
1
1
1
1
1
1
1
1
1
1
1
1
1
1
1
1
1
1
1
1
1
1
1
1
1
1
1
1
1
1
1
1
1
1
1
1
1
1
1
1
1
1
1
1
1
1
1
1
1
1
1
1
1
1
1
1
1
1
1
1
1
1
1
1
1
1
1
1
